[14:45:57][INFO] Client starting
[14:45:57][INFO] Vulkan 1.3 detected
[14:45:57][INFO] Shaders loaded
[14:45:57][INFO] Vulkan initialised
[14:45:57][INFO] Atlas loaded: /home/link/Programming/Aetheris/build/client/atlas.png (256x256)
[14:45:57][INFO] ViewModelRenderer initialised
[14:45:57][INFO] Loaded GLB: /home/link/Programming/Aetheris/build/client/arm.glb (1 meshes)
[14:45:57][INFO] Connected to server
[14:45:57][INFO] chunks=1 drawCount will compute...
[14:45:57][INFO] chunks=1 drawCount will compute...
[14:45:57][INFO] chunks=1 drawCount will compute...
[14:45:57][INFO] chunks=2 drawCount will compute...
[14:45:57][INFO] chunks=2 drawCount will compute...
[14:45:57][INFO] chunks=3 drawCount will compute...
[14:45:57][INFO] chunks=3 drawCount will compute...
[14:45:57][INFO] chunks=4 drawCount will compute...
[14:45:57][INFO] chunks=4 drawCount will compute...
[14:45:57][INFO] chunks=4 drawCount will compute...
[14:45:57][INFO] chunks=5 drawCount will compute...
[14:45:57][INFO] chunks=5 drawCount will compute...
[14:45:57][INFO] chunks=5 drawCount will compute...
[14:45:57][INFO] chunks=6 drawCount will compute...
[14:45:57][INFO] chunks=7 drawCount will compute...
[14:45:57][INFO] chunks=7 drawCount will compute...
[14:45:57][INFO] chunks=8 drawCount will compute...
[14:45:57][INFO] chunks=8 drawCount will compute...
[14:45:57][INFO] chunks=9 drawCount will compute...
[14:45:57][INFO] chunks=10 drawCount will compute...
[14:45:57][INFO] chunks=10 drawCount will compute...
[14:45:57][INFO] chunks=11 drawCount will compute...
[14:45:57][INFO] chunks=11 drawCount will compute...
[14:45:57][INFO] chunks=11 drawCount will compute...
[14:45:57][INFO] chunks=11 drawCount will compute...
[14:45:58][INFO] chunks=12 drawCount will compute...
[14:45:58][INFO] chunks=12 drawCount will compute...
[14:45:58][INFO] chunks=13 drawCount will compute...
[14:45:58][INFO] chunks=13 drawCount will compute...
[14:45:58][INFO] chunks=13 drawCount will compute...
[14:45:58][INFO] chunks=14 drawCount will compute...
[14:45:58][INFO] chunks=14 drawCount will compute...
[14:45:58][INFO] chunks=14 drawCount will compute...
[14:45:58][INFO] chunks=14 drawCount will compute...
[14:45:58][INFO] chunks=15 drawCount will compute...
[14:45:58][INFO] chunks=15 drawCount will compute...
[14:45:58][INFO] chunks=17 drawCount will compute...
[14:45:58][INFO] chunks=17 drawCount will compute...
[14:45:58][INFO] chunks=19 drawCount will compute...
[14:45:58][INFO] chunks=19 drawCount will compute...
[14:45:58][INFO] chunks=20 drawCount will compute...
[14:45:58][INFO] chunks=20 drawCount will compute...
[14:45:58][INFO] chunks=21 drawCount will compute...
[14:45:58][INFO] chunks=21 drawCount will compute...
[14:45:58][INFO] chunks=21 drawCount will compute...
[14:45:58][INFO] chunks=21 drawCount will compute...
[14:45:58][INFO] chunks=22 drawCount will compute...
[14:45:58][INFO] chunks=22 drawCount will compute...
[14:45:58][INFO] chunks=22 drawCount will compute...
[14:45:58][INFO] chunks=22 drawCount will compute...
[14:45:58][INFO] chunks=23 drawCount will compute...
[14:45:58][INFO] chunks=23 drawCount will compute...
[14:45:58][INFO] chunks=23 drawCount will compute...
[14:45:58][INFO] chunks=23 drawCount will compute...
[14:45:58][INFO] chunks=24 drawCount will compute...
[14:45:58][INFO] chunks=24 drawCount will compute...
[14:45:58][INFO] chunks=25 drawCount will compute...
[14:45:58][INFO] chunks=26 drawCount will compute...
[14:45:58][INFO] chunks=26 drawCount will compute...
[14:45:58][INFO] chunks=27 drawCount will compute...
[14:45:58][INFO] chunks=27 drawCount will compute...
[14:45:58][INFO] chunks=27 drawCount will compute...
[14:45:58][INFO] chunks=28 drawCount will compute...
[14:45:58][INFO] chunks=28 drawCount will compute...
[14:45:58][INFO] chunks=28 drawCount will compute...
[14:45:58][INFO] chunks=28 drawCount will compute...
[14:45:58][INFO] chunks=29 drawCount will compute...
[14:45:58][INFO] chunks=29 drawCount will compute...
[14:45:58][INFO] chunks=30 drawCount will compute...
[14:45:58][INFO] chunks=30 drawCount will compute...
[14:45:58][INFO] chunks=30 drawCount will compute...
[14:45:58][INFO] chunks=30 drawCount will compute...
[14:45:58][INFO] chunks=31 drawCount will compute...
[14:45:58][INFO] chunks=31 drawCount will compute...
[14:45:58][INFO] chunks=32 drawCount will compute...
[14:45:58][INFO] chunks=33 drawCount will compute...
[14:45:58][INFO] chunks=33 drawCount will compute...
[14:45:58][INFO] chunks=35 drawCount will compute...
[14:45:58][INFO] chunks=35 drawCount will compute...
[14:45:58][INFO] chunks=35 drawCount will compute...
[14:45:58][INFO] chunks=35 drawCount will compute...
[14:45:58][INFO] chunks=36 drawCount will compute...
[14:45:58][INFO] chunks=37 drawCount will compute...
[14:45:58][INFO] chunks=37 drawCount will compute...
[14:45:58][INFO] chunks=37 drawCount will compute...
[14:45:59][INFO] chunks=37 drawCount will compute...
[14:45:59][INFO] chunks=38 drawCount will compute...
[14:45:59][INFO] chunks=38 drawCount will compute...
[14:45:59][INFO] chunks=38 drawCount will compute...
[14:45:59][INFO] chunks=38 drawCount will compute...
[14:45:59][INFO] chunks=39 drawCount will compute...
[14:45:59][INFO] chunks=40 drawCount will compute...
[14:45:59][INFO] chunks=40 drawCount will compute...
[14:45:59][INFO] chunks=40 drawCount will compute...
[14:45:59][INFO] chunks=40 drawCount will compute...
[14:45:59][INFO] chunks=40 drawCount will compute...
[14:45:59][INFO] chunks=40 drawCount will compute...
[14:45:59][INFO] chunks=40 drawCount will compute...
[14:45:59][INFO] chunks=40 drawCount will compute...
[14:45:59][INFO] chunks=40 drawCount will compute...
[14:45:59][INFO] chunks=40 drawCount will compute...
[14:45:59][INFO] chunks=40 drawCount will compute...
[14:45:59][INFO] chunks=40 drawCount will compute...
[14:45:59][INFO] chunks=40 drawCount will compute...
[14:45:59][INFO] chunks=40 drawCount will compute...
[14:45:59][INFO] chunks=40 drawCount will compute...
[14:45:59][INFO] chunks=40 drawCount will compute...
[14:45:59][INFO] chunks=40 drawCount will compute...
[14:45:59][INFO] chunks=40 drawCount will compute...
[14:45:59][INFO] chunks=40 drawCount will compute...
[14:45:59][INFO] chunks=40 drawCount will compute...
[14:45:59][INFO] chunks=40 drawCount will compute...
[14:45:59][INFO] chunks=40 drawCount will compute...
[14:45:59][INFO] chunks=40 drawCount will compute...
[14:45:59][INFO] chunks=40 drawCount will compute...
[14:45:59][INFO] chunks=40 drawCount will compute...
[14:45:59][INFO] chunks=40 drawCount will compute...
[14:45:59][INFO] chunks=40 drawCount will compute...
[14:45:59][INFO] chunks=40 drawCount will compute...
[14:45:59][INFO] chunks=40 drawCount will compute...
[14:45:59][INFO] chunks=40 drawCount will compute...
[14:45:59][INFO] chunks=40 drawCount will compute...
[14:45:59][INFO] chunks=40 drawCount will compute...
[14:45:59][INFO] chunks=40 drawCount will compute...
[14:45:59][INFO] chunks=40 drawCount will compute...
[14:45:59][INFO] chunks=40 drawCount will compute...
[14:45:59][INFO] chunks=40 drawCount will compute...
[14:45:59][INFO] chunks=40 drawCount will compute...
[14:45:59][INFO] chunks=40 drawCount will compute...
[14:45:59][INFO] chunks=40 drawCount will compute...
[14:45:59][INFO] chunks=40 drawCount will compute...
[14:45:59][INFO] chunks=40 drawCount will compute...
[14:45:59][INFO] chunks=40 drawCount will compute...
[14:45:59][INFO] chunks=40 drawCount will compute...
[14:45:59][INFO] chunks=40 drawCount will compute...
[14:45:59][INFO] chunks=40 drawCount will compute...
[14:45:59][INFO] chunks=40 drawCount will compute...
[14:45:59][INFO] chunks=40 drawCount will compute...
[14:45:59][INFO] chunks=40 drawCount will compute...
[14:45:59][INFO] chunks=40 drawCount will compute...
[14:45:59][INFO] chunks=40 drawCount will compute...
[14:45:59][INFO] chunks=40 drawCount will compute...
[14:45:59][INFO] chunks=40 drawCount will compute...
[14:45:59][INFO] chunks=40 drawCount will compute...
[14:45:59][INFO] chunks=40 drawCount will compute...
[14:46:00][INFO] chunks=40 drawCount will compute...
[14:46:00][INFO] chunks=40 drawCount will compute...
[14:46:00][INFO] chunks=40 drawCount will compute...
[14:46:00][INFO] chunks=40 drawCount will compute...
[14:46:00][INFO] chunks=40 drawCount will compute...
[14:46:00][INFO] chunks=40 drawCount will compute...
[14:46:00][INFO] chunks=40 drawCount will compute...
[14:46:00][INFO] chunks=40 drawCount will compute...
[14:46:00][INFO] chunks=40 drawCount will compute...
[14:46:00][INFO] chunks=40 drawCount will compute...
[14:46:00][INFO] chunks=40 drawCount will compute...
[14:46:00][INFO] chunks=40 drawCount will compute...
[14:46:00][INFO] chunks=40 drawCount will compute...
[14:46:00][INFO] chunks=40 drawCount will compute...
[14:46:00][INFO] chunks=40 drawCount will compute...
[14:46:00][INFO] chunks=40 drawCount will compute...
[14:46:00][INFO] chunks=40 drawCount will compute...
[14:46:00][INFO] chunks=40 drawCount will compute...
[14:46:00][INFO] chunks=40 drawCount will compute...
[14:46:00][INFO] chunks=40 drawCount will compute...
[14:46:00][INFO] chunks=40 drawCount will compute...
[14:46:00][INFO] chunks=40 drawCount will compute...
[14:46:00][INFO] chunks=40 drawCount will compute...
[14:46:00][INFO] chunks=40 drawCount will compute...
[14:46:00][INFO] chunks=40 drawCount will compute...
[14:46:00][INFO] chunks=40 drawCount will compute...
[14:46:00][INFO] chunks=40 drawCount will compute...
[14:46:00][INFO] chunks=40 drawCount will compute...
[14:46:00][INFO] chunks=40 drawCount will compute...
[14:46:00][INFO] chunks=40 drawCount will compute...
[14:46:01][INFO] chunks=40 drawCount will compute...
[14:46:01][INFO] chunks=40 drawCount will compute...
[14:46:01][INFO] chunks=40 drawCount will compute...
[14:46:01][INFO] chunks=40 drawCount will compute...
[14:46:01][INFO] chunks=40 drawCount will compute...
[14:46:01][INFO] chunks=40 drawCount will compute...
[14:46:01][INFO] chunks=40 drawCount will compute...
[14:46:01][INFO] chunks=40 drawCount will compute...
[14:46:01][INFO] chunks=40 drawCount will compute...
[14:46:01][INFO] chunks=40 drawCount will compute...
[14:46:01][INFO] chunks=40 drawCount will compute...
[14:46:01][INFO] chunks=40 drawCount will compute...
[14:46:01][INFO] chunks=40 drawCount will compute...
[14:46:01][INFO] chunks=40 drawCount will compute...
[14:46:01][INFO] chunks=40 drawCount will compute...
[14:46:01][INFO] chunks=40 drawCount will compute...
[14:46:01][INFO] chunks=40 drawCount will compute...
[14:46:01][INFO] chunks=40 drawCount will compute...
[14:46:01][INFO] chunks=40 drawCount will compute...
[14:46:01][INFO] chunks=40 drawCount will compute...
[14:46:01][INFO] chunks=40 drawCount will compute...
[14:46:01][INFO] chunks=40 drawCount will compute...
[14:46:01][INFO] chunks=42 drawCount will compute...
[14:46:01][INFO] chunks=42 drawCount will compute...
[14:46:01][INFO] chunks=42 drawCount will compute...
[14:46:01][INFO] chunks=42 drawCount will compute...
[14:46:01][INFO] chunks=43 drawCount will compute...
[14:46:01][INFO] chunks=43 drawCount will compute...
[14:46:01][INFO] chunks=43 drawCount will compute...
[14:46:01][INFO] chunks=43 drawCount will compute...
[14:46:02][INFO] chunks=44 drawCount will compute...
[14:46:02][INFO] chunks=44 drawCount will compute...
[14:46:02][INFO] chunks=44 drawCount will compute...
[14:46:02][INFO] chunks=45 drawCount will compute...
[14:46:02][INFO] chunks=45 drawCount will compute...
[14:46:02][INFO] chunks=45 drawCount will compute...
[14:46:02][INFO] chunks=45 drawCount will compute...
[14:46:02][INFO] chunks=46 drawCount will compute...
[14:46:02][INFO] chunks=46 drawCount will compute...
[14:46:02][INFO] chunks=46 drawCount will compute...
[14:46:02][INFO] chunks=47 drawCount will compute...
[14:46:02][INFO] chunks=47 drawCount will compute...
[14:46:02][INFO] chunks=47 drawCount will compute...
[14:46:02][INFO] chunks=47 drawCount will compute...
[14:46:02][INFO] chunks=48 drawCount will compute...
[14:46:02][INFO] chunks=48 drawCount will compute...
[14:46:02][INFO] chunks=48 drawCount will compute...
[14:46:02][INFO] chunks=48 drawCount will compute...
[14:46:02][INFO] chunks=49 drawCount will compute...
[14:46:02][INFO] chunks=49 drawCount will compute...
[14:46:02][INFO] chunks=49 drawCount will compute...
[14:46:02][INFO] chunks=50 drawCount will compute...
[14:46:02][INFO] chunks=51 drawCount will compute...
[14:46:02][INFO] chunks=51 drawCount will compute...
[14:46:02][INFO] chunks=52 drawCount will compute...
[14:46:02][INFO] chunks=52 drawCount will compute...
[14:46:02][INFO] chunks=53 drawCount will compute...
[14:46:02][INFO] chunks=53 drawCount will compute...
[14:46:02][INFO] chunks=53 drawCount will compute...
[14:46:02][INFO] chunks=53 drawCount will compute...
[14:46:02][INFO] chunks=53 drawCount will compute...
[14:46:03][INFO] chunks=53 drawCount will compute...
[14:46:03][INFO] chunks=53 drawCount will compute...
[14:46:03][INFO] chunks=53 drawCount will compute...
[14:46:03][INFO] chunks=53 drawCount will compute...
[14:46:03][INFO] chunks=53 drawCount will compute...
[14:46:03][INFO] chunks=53 drawCount will compute...
[14:46:03][INFO] chunks=53 drawCount will compute...
[14:46:03][INFO] chunks=53 drawCount will compute...
[14:46:03][INFO] chunks=53 drawCount will compute...
[14:46:03][INFO] chunks=53 drawCount will compute...
[14:46:03][INFO] chunks=53 drawCount will compute...
[14:46:03][INFO] chunks=53 drawCount will compute...
[14:46:03][INFO] chunks=53 drawCount will compute...
[14:46:03][INFO] chunks=53 drawCount will compute...
[14:46:03][INFO] chunks=53 drawCount will compute...
[14:46:03][INFO] chunks=53 drawCount will compute...
[14:46:03][INFO] chunks=53 drawCount will compute...
[14:46:03][INFO] chunks=53 drawCount will compute...
[14:46:03][INFO] chunks=53 drawCount will compute...
[14:46:03][INFO] chunks=53 drawCount will compute...
[14:46:03][INFO] chunks=53 drawCount will compute...
[14:46:03][INFO] chunks=53 drawCount will compute...
[14:46:03][INFO] chunks=53 drawCount will compute...
[14:46:03][INFO] chunks=53 drawCount will compute...
[14:46:03][INFO] chunks=53 drawCount will compute...
[14:46:03][INFO] chunks=53 drawCount will compute...
[14:46:03][INFO] chunks=53 drawCount will compute...
[14:46:03][INFO] chunks=53 drawCount will compute...
[14:46:03][INFO] chunks=53 drawCount will compute...
[14:46:03][INFO] chunks=53 drawCount will compute...
[14:46:03][INFO] chunks=53 drawCount will compute...
[14:46:04][INFO] chunks=53 drawCount will compute...
[14:46:04][INFO] chunks=53 drawCount will compute...
[14:46:04][INFO] chunks=53 drawCount will compute...
[14:46:04][INFO] chunks=53 drawCount will compute...
[14:46:04][INFO] chunks=53 drawCount will compute...
[14:46:04][INFO] chunks=53 drawCount will compute...
[14:46:04][INFO] chunks=53 drawCount will compute...
[14:46:04][INFO] chunks=53 drawCount will compute...
[14:46:04][INFO] chunks=53 drawCount will compute...
[14:46:04][INFO] chunks=53 drawCount will compute...
[14:46:04][INFO] chunks=53 drawCount will compute...
[14:46:04][INFO] chunks=53 drawCount will compute...
[14:46:04][INFO] chunks=53 drawCount will compute...
[14:46:04][INFO] chunks=53 drawCount will compute...
[14:46:04][INFO] chunks=53 drawCount will compute...
[14:46:04][INFO] chunks=53 drawCount will compute...
[14:46:04][INFO] chunks=53 drawCount will compute...
[14:46:04][INFO] chunks=53 drawCount will compute...
[14:46:04][INFO] chunks=53 drawCount will compute...
[14:46:04][INFO] chunks=53 drawCount will compute...
[14:46:04][INFO] chunks=53 drawCount will compute...
[14:46:04][INFO] chunks=53 drawCount will compute...
[14:46:04][INFO] chunks=53 drawCount will compute...
[14:46:04][INFO] chunks=53 drawCount will compute...
[14:46:04][INFO] chunks=53 drawCount will compute...
[14:46:04][INFO] chunks=53 drawCount will compute...
[14:46:04][INFO] chunks=53 drawCount will compute...
[14:46:04][INFO] chunks=53 drawCount will compute...
[14:46:04][INFO] chunks=53 drawCount will compute...
[14:46:04][INFO] chunks=53 drawCount will compute...
[14:46:04][INFO] chunks=53 drawCount will compute...
[14:46:04][INFO] chunks=53 drawCount will compute...
[14:46:05][INFO] chunks=53 drawCount will compute...
[14:46:05][INFO] chunks=53 drawCount will compute...
[14:46:05][INFO] chunks=53 drawCount will compute...
[14:46:05][INFO] chunks=53 drawCount will compute...
[14:46:05][INFO] chunks=53 drawCount will compute...
[14:46:05][INFO] chunks=53 drawCount will compute...
[14:46:05][INFO] chunks=53 drawCount will compute...
[14:46:05][INFO] chunks=53 drawCount will compute...
[14:46:05][INFO] chunks=53 drawCount will compute...
[14:46:05][INFO] chunks=53 drawCount will compute...
[14:46:05][INFO] chunks=53 drawCount will compute...
[14:46:05][INFO] chunks=53 drawCount will compute...
[14:46:05][INFO] chunks=53 drawCount will compute...
[14:46:05][INFO] chunks=53 drawCount will compute...
[14:46:05][INFO] chunks=53 drawCount will compute...
[14:46:05][INFO] chunks=53 drawCount will compute...
[14:46:05][INFO] chunks=53 drawCount will compute...
[14:46:05][INFO] chunks=53 drawCount will compute...
[14:46:05][INFO] chunks=53 drawCount will compute...
[14:46:05][INFO] chunks=53 drawCount will compute...
[14:46:05][INFO] chunks=53 drawCount will compute...
[14:46:05][INFO] chunks=53 drawCount will compute...
[14:46:05][INFO] chunks=53 drawCount will compute...
[14:46:05][INFO] chunks=53 drawCount will compute...
[14:46:05][INFO] chunks=53 drawCount will compute...
[14:46:05][INFO] chunks=53 drawCount will compute...
[14:46:05][INFO] chunks=53 drawCount will compute...
[14:46:05][INFO] chunks=53 drawCount will compute...
[14:46:05][INFO] chunks=53 drawCount will compute...
[14:46:05][INFO] chunks=53 drawCount will compute...
[14:46:05][INFO] chunks=53 drawCount will compute...
[14:46:05][INFO] chunks=53 drawCount will compute...
[14:46:06][INFO] chunks=53 drawCount will compute...
[14:46:06][INFO] chunks=53 drawCount will compute...
[14:46:06][INFO] chunks=53 drawCount will compute...
[14:46:06][INFO] chunks=53 drawCount will compute...
[14:46:06][INFO] chunks=53 drawCount will compute...
[14:46:06][INFO] chunks=53 drawCount will compute...
[14:46:06][INFO] chunks=53 drawCount will compute...
[14:46:06][INFO] chunks=53 drawCount will compute...
[14:46:06][INFO] chunks=53 drawCount will compute...
[14:46:06][INFO] chunks=53 drawCount will compute...
[14:46:06][INFO] chunks=53 drawCount will compute...
[14:46:06][INFO] chunks=53 drawCount will compute...
[14:46:06][INFO] chunks=53 drawCount will compute...
[14:46:06][INFO] chunks=53 drawCount will compute...
[14:46:06][INFO] chunks=53 drawCount will compute...
[14:46:06][INFO] chunks=53 drawCount will compute...
[14:46:06][INFO] chunks=53 drawCount will compute...
[14:46:06][INFO] chunks=53 drawCount will compute...
[14:46:06][INFO] chunks=53 drawCount will compute...
[14:46:06][INFO] chunks=53 drawCount will compute...
[14:46:06][INFO] chunks=53 drawCount will compute...
[14:46:06][INFO] chunks=53 drawCount will compute...
[14:46:06][INFO] chunks=53 drawCount will compute...
[14:46:06][INFO] chunks=53 drawCount will compute...
[14:46:06][INFO] chunks=53 drawCount will compute...
[14:46:06][INFO] chunks=53 drawCount will compute...
[14:46:06][INFO] chunks=53 drawCount will compute...
[14:46:06][INFO] chunks=53 drawCount will compute...
[14:46:06][INFO] chunks=53 drawCount will compute...
[14:46:06][INFO] chunks=53 drawCount will compute...
[14:46:06][INFO] chunks=53 drawCount will compute...
[14:46:06][INFO] chunks=53 drawCount will compute...
[14:46:06][INFO] chunks=53 drawCount will compute...
[14:46:07][INFO] chunks=53 drawCount will compute...
[14:46:07][INFO] chunks=53 drawCount will compute...
[14:46:07][INFO] chunks=53 drawCount will compute...
[14:46:07][INFO] chunks=53 drawCount will compute...
[14:46:07][INFO] chunks=53 drawCount will compute...
[14:46:07][INFO] chunks=53 drawCount will compute...
[14:46:07][INFO] chunks=53 drawCount will compute...
[14:46:07][INFO] chunks=53 drawCount will compute...
[14:46:07][INFO] chunks=53 drawCount will compute...
[14:46:07][INFO] chunks=53 drawCount will compute...
[14:46:07][INFO] chunks=53 drawCount will compute...
[14:46:07][INFO] chunks=53 drawCount will compute...
[14:46:07][INFO] chunks=53 drawCount will compute...
[14:46:07][INFO] chunks=53 drawCount will compute...
[14:46:07][INFO] chunks=53 drawCount will compute...
[14:46:07][INFO] chunks=53 drawCount will compute...
[14:46:07][INFO] chunks=53 drawCount will compute...
[14:46:07][INFO] chunks=53 drawCount will compute...
[14:46:07][INFO] chunks=53 drawCount will compute...
[14:46:07][INFO] chunks=53 drawCount will compute...
[14:46:07][INFO] chunks=53 drawCount will compute...
[14:46:07][INFO] chunks=53 drawCount will compute...
[14:46:07][INFO] chunks=53 drawCount will compute...
[14:46:07][INFO] chunks=53 drawCount will compute...
[14:46:07][INFO] chunks=53 drawCount will compute...
[14:46:07][INFO] chunks=53 drawCount will compute...
[14:46:07][INFO] chunks=53 drawCount will compute...
[14:46:07][INFO] chunks=53 drawCount will compute...
[14:46:07][INFO] chunks=53 drawCount will compute...
[14:46:07][INFO] chunks=53 drawCount will compute...
[14:46:07][INFO] chunks=53 drawCount will compute...
[14:46:07][INFO] chunks=53 drawCount will compute...
[14:46:07][INFO] chunks=53 drawCount will compute...
[14:46:08][INFO] chunks=53 drawCount will compute...
[14:46:08][INFO] chunks=53 drawCount will compute...
[14:46:08][INFO] chunks=53 drawCount will compute...
[14:46:08][INFO] chunks=53 drawCount will compute...
[14:46:08][INFO] chunks=53 drawCount will compute...
[14:46:08][INFO] chunks=53 drawCount will compute...
[14:46:08][INFO] chunks=53 drawCount will compute...
[14:46:08][INFO] chunks=53 drawCount will compute...
[14:46:08][INFO] chunks=53 drawCount will compute...
[14:46:08][INFO] chunks=53 drawCount will compute...
[14:46:08][INFO] chunks=53 drawCount will compute...
[14:46:08][INFO] chunks=53 drawCount will compute...
[14:46:08][INFO] chunks=53 drawCount will compute...
[14:46:08][INFO] chunks=53 drawCount will compute...
[14:46:08][INFO] chunks=53 drawCount will compute...
[14:46:08][INFO] chunks=53 drawCount will compute...
[14:46:08][INFO] chunks=53 drawCount will compute...
[14:46:08][INFO] chunks=53 drawCount will compute...
[14:46:08][INFO] chunks=53 drawCount will compute...
[14:46:08][INFO] chunks=53 drawCount will compute...
[14:46:08][INFO] chunks=53 drawCount will compute...
[14:46:08][INFO] chunks=53 drawCount will compute...
[14:46:08][INFO] chunks=53 drawCount will compute...
[14:46:08][INFO] chunks=53 drawCount will compute...
[14:46:08][INFO] chunks=53 drawCount will compute...
[14:46:08][INFO] chunks=53 drawCount will compute...
[14:46:08][INFO] chunks=53 drawCount will compute...
[14:46:08][INFO] chunks=53 drawCount will compute...
[14:46:08][INFO] chunks=53 drawCount will compute...
[14:46:08][INFO] chunks=53 drawCount will compute...
[14:46:09][INFO] chunks=53 drawCount will compute...
[14:46:09][INFO] chunks=53 drawCount will compute...
[14:46:09][INFO] chunks=53 drawCount will compute...
[14:46:09][INFO] chunks=53 drawCount will compute...
[14:46:09][INFO] chunks=53 drawCount will compute...
[14:46:09][INFO] chunks=53 drawCount will compute...
[14:46:09][INFO] chunks=53 drawCount will compute...
[14:46:09][INFO] chunks=53 drawCount will compute...
[14:46:09][INFO] chunks=53 drawCount will compute...
[14:46:09][INFO] chunks=53 drawCount will compute...
[14:46:09][INFO] chunks=53 drawCount will compute...
[14:46:09][INFO] chunks=53 drawCount will compute...
[14:46:09][INFO] chunks=53 drawCount will compute...
[14:46:09][INFO] chunks=53 drawCount will compute...
[14:46:09][INFO] chunks=53 drawCount will compute...
[14:46:09][INFO] chunks=53 drawCount will compute...
[14:46:09][INFO] chunks=53 drawCount will compute...
[14:46:09][INFO] chunks=53 drawCount will compute...
[14:46:09][INFO] chunks=53 drawCount will compute...
[14:46:09][INFO] chunks=53 drawCount will compute...
[14:46:09][INFO] chunks=53 drawCount will compute...
[14:46:09][INFO] chunks=53 drawCount will compute...
[14:46:09][INFO] chunks=53 drawCount will compute...
[14:46:09][INFO] chunks=53 drawCount will compute...
[14:46:09][INFO] chunks=53 drawCount will compute...
[14:46:09][INFO] chunks=53 drawCount will compute...
[14:46:09][INFO] chunks=53 drawCount will compute...
[14:46:10][INFO] chunks=53 drawCount will compute...
[14:46:10][INFO] chunks=53 drawCount will compute...
[14:46:10][INFO] chunks=53 drawCount will compute...
[14:46:10][INFO] chunks=53 drawCount will compute...
[14:46:10][INFO] chunks=53 drawCount will compute...
[14:46:10][INFO] chunks=53 drawCount will compute...
[14:46:10][INFO] chunks=53 drawCount will compute...
[14:46:10][INFO] chunks=53 drawCount will compute...
[14:46:10][INFO] chunks=53 drawCount will compute...
[14:46:10][INFO] chunks=53 drawCount will compute...
[14:46:10][INFO] chunks=53 drawCount will compute...
[14:46:10][INFO] chunks=53 drawCount will compute...
[14:46:10][INFO] chunks=53 drawCount will compute...
[14:46:10][INFO] chunks=53 drawCount will compute...
[14:46:10][INFO] chunks=53 drawCount will compute...
[14:46:10][INFO] chunks=53 drawCount will compute...
[14:46:10][INFO] chunks=53 drawCount will compute...
[14:46:10][INFO] chunks=53 drawCount will compute...
[14:46:10][INFO] chunks=53 drawCount will compute...
[14:46:10][INFO] chunks=53 drawCount will compute...
[14:46:10][INFO] chunks=53 drawCount will compute...
[14:46:10][INFO] chunks=53 drawCount will compute...
[14:46:10][INFO] chunks=53 drawCount will compute...
[14:46:10][INFO] chunks=53 drawCount will compute...
[14:46:10][INFO] chunks=53 drawCount will compute...
[14:46:11][INFO] chunks=53 drawCount will compute...
[14:46:11][INFO] chunks=53 drawCount will compute...
[14:46:11][INFO] chunks=53 drawCount will compute...
[14:46:11][INFO] chunks=53 drawCount will compute...
[14:46:11][INFO] chunks=53 drawCount will compute...
[14:46:11][INFO] chunks=53 drawCount will compute...
[14:46:11][INFO] chunks=53 drawCount will compute...
[14:46:11][INFO] chunks=53 drawCount will compute...
[14:46:11][INFO] chunks=53 drawCount will compute...
[14:46:11][INFO] chunks=53 drawCount will compute...
[14:46:11][INFO] chunks=53 drawCount will compute...
[14:46:11][INFO] chunks=53 drawCount will compute...
[14:46:11][INFO] chunks=53 drawCount will compute...
[14:46:11][INFO] chunks=53 drawCount will compute...
[14:46:11][INFO] chunks=53 drawCount will compute...
[14:46:11][INFO] chunks=53 drawCount will compute...
[14:46:11][INFO] chunks=53 drawCount will compute...
[14:46:11][INFO] chunks=53 drawCount will compute...
[14:46:11][INFO] chunks=54 drawCount will compute...
[14:46:11][INFO] chunks=55 drawCount will compute...
[14:46:11][INFO] chunks=55 drawCount will compute...
[14:46:11][INFO] chunks=55 drawCount will compute...
[14:46:11][INFO] chunks=55 drawCount will compute...
[14:46:11][INFO] chunks=55 drawCount will compute...
[14:46:11][INFO] chunks=55 drawCount will compute...
[14:46:11][INFO] chunks=55 drawCount will compute...
[14:46:12][INFO] chunks=55 drawCount will compute...
[14:46:12][INFO] chunks=55 drawCount will compute...
[14:46:12][INFO] chunks=55 drawCount will compute...
[14:46:12][INFO] chunks=55 drawCount will compute...
[14:46:12][INFO] chunks=55 drawCount will compute...
[14:46:12][INFO] chunks=55 drawCount will compute...
[14:46:12][INFO] chunks=55 drawCount will compute...
[14:46:12][INFO] chunks=55 drawCount will compute...
[14:46:12][INFO] chunks=55 drawCount will compute...
[14:46:12][INFO] chunks=55 drawCount will compute...
[14:46:12][INFO] chunks=55 drawCount will compute...
[14:46:12][INFO] chunks=55 drawCount will compute...
[14:46:12][INFO] chunks=55 drawCount will compute...
[14:46:12][INFO] chunks=55 drawCount will compute...
[14:46:12][INFO] chunks=55 drawCount will compute...
[14:46:12][INFO] chunks=55 drawCount will compute...
[14:46:12][INFO] chunks=55 drawCount will compute...
[14:46:12][INFO] chunks=55 drawCount will compute...
[14:46:12][INFO] chunks=55 drawCount will compute...
[14:46:12][INFO] chunks=55 drawCount will compute...
[14:46:12][INFO] chunks=55 drawCount will compute...
[14:46:12][INFO] chunks=55 drawCount will compute...
[14:46:12][INFO] chunks=55 drawCount will compute...
[14:46:12][INFO] chunks=55 drawCount will compute...
[14:46:12][INFO] chunks=55 drawCount will compute...
[14:46:12][INFO] chunks=55 drawCount will compute...
[14:46:12][INFO] chunks=55 drawCount will compute...
[14:46:13][INFO] chunks=55 drawCount will compute...
[14:46:13][INFO] chunks=55 drawCount will compute...
[14:46:13][INFO] chunks=55 drawCount will compute...
[14:46:13][INFO] chunks=55 drawCount will compute...
[14:46:13][INFO] chunks=55 drawCount will compute...
[14:46:13][INFO] chunks=55 drawCount will compute...
[14:46:13][INFO] chunks=55 drawCount will compute...
[14:46:13][INFO] chunks=55 drawCount will compute...
[14:46:13][INFO] chunks=55 drawCount will compute...
[14:46:13][INFO] chunks=55 drawCount will compute...
[14:46:13][INFO] chunks=55 drawCount will compute...
[14:46:13][INFO] chunks=55 drawCount will compute...
[14:46:13][INFO] chunks=55 drawCount will compute...
[14:46:13][INFO] chunks=55 drawCount will compute...
[14:46:13][INFO] chunks=55 drawCount will compute...
[14:46:13][INFO] chunks=55 drawCount will compute...
[14:46:13][INFO] chunks=55 drawCount will compute...
[14:46:13][INFO] chunks=55 drawCount will compute...
[14:46:13][INFO] chunks=55 drawCount will compute...
[14:46:13][INFO] chunks=55 drawCount will compute...
[14:46:13][INFO] chunks=55 drawCount will compute...
[14:46:13][INFO] chunks=55 drawCount will compute...
[14:46:13][INFO] chunks=55 drawCount will compute...
[14:46:13][INFO] chunks=55 drawCount will compute...
[14:46:13][INFO] chunks=55 drawCount will compute...
[14:46:13][INFO] chunks=55 drawCount will compute...
[14:46:13][INFO] chunks=55 drawCount will compute...
[14:46:14][INFO] chunks=55 drawCount will compute...
[14:46:14][INFO] chunks=55 drawCount will compute...
[14:46:14][INFO] chunks=55 drawCount will compute...
[14:46:14][INFO] chunks=55 drawCount will compute...
[14:46:14][INFO] chunks=55 drawCount will compute...
[14:46:14][INFO] chunks=55 drawCount will compute...
[14:46:14][INFO] chunks=55 drawCount will compute...
[14:46:14][INFO] chunks=55 drawCount will compute...
[14:46:14][INFO] chunks=55 drawCount will compute...
[14:46:14][INFO] chunks=55 drawCount will compute...
[14:46:14][INFO] chunks=55 drawCount will compute...
[14:46:14][INFO] chunks=55 drawCount will compute...
[14:46:14][INFO] chunks=55 drawCount will compute...
[14:46:14][INFO] chunks=55 drawCount will compute...
[14:46:14][INFO] chunks=55 drawCount will compute...
[14:46:14][INFO] chunks=55 drawCount will compute...
[14:46:14][INFO] chunks=56 drawCount will compute...
[14:46:14][INFO] chunks=56 drawCount will compute...
[14:46:14][INFO] chunks=57 drawCount will compute...
[14:46:14][INFO] chunks=57 drawCount will compute...
[14:46:14][INFO] chunks=57 drawCount will compute...
[14:46:14][INFO] chunks=57 drawCount will compute...
[14:46:14][INFO] chunks=57 drawCount will compute...
[14:46:14][INFO] chunks=57 drawCount will compute...
[14:46:14][INFO] chunks=57 drawCount will compute...
[14:46:14][INFO] chunks=57 drawCount will compute...
[14:46:15][INFO] chunks=57 drawCount will compute...
[14:46:15][INFO] chunks=57 drawCount will compute...
[14:46:15][INFO] chunks=57 drawCount will compute...
[14:46:15][INFO] chunks=57 drawCount will compute...
[14:46:15][INFO] chunks=57 drawCount will compute...
[14:46:15][INFO] chunks=57 drawCount will compute...
[14:46:15][INFO] chunks=57 drawCount will compute...
[14:46:15][INFO] chunks=57 drawCount will compute...
[14:46:15][INFO] chunks=57 drawCount will compute...
[14:46:15][INFO] chunks=57 drawCount will compute...
[14:46:15][INFO] chunks=57 drawCount will compute...
[14:46:15][INFO] chunks=57 drawCount will compute...
[14:46:15][INFO] chunks=57 drawCount will compute...
[14:46:15][INFO] chunks=57 drawCount will compute...
[14:46:15][INFO] chunks=57 drawCount will compute...
[14:46:15][INFO] chunks=57 drawCount will compute...
[14:46:15][INFO] chunks=57 drawCount will compute...
[14:46:15][INFO] chunks=57 drawCount will compute...
[14:46:15][INFO] chunks=57 drawCount will compute...
[14:46:15][INFO] chunks=57 drawCount will compute...
[14:46:15][INFO] chunks=57 drawCount will compute...
[14:46:15][INFO] chunks=57 drawCount will compute...
[14:46:15][INFO] chunks=57 drawCount will compute...
[14:46:15][INFO] chunks=57 drawCount will compute...
[14:46:15][INFO] chunks=57 drawCount will compute...
[14:46:15][INFO] chunks=57 drawCount will compute...
[14:46:15][INFO] chunks=57 drawCount will compute...
[14:46:15][INFO] chunks=57 drawCount will compute...
[14:46:15][INFO] chunks=57 drawCount will compute...
[14:46:16][INFO] chunks=57 drawCount will compute...
[14:46:16][INFO] chunks=57 drawCount will compute...
[14:46:16][INFO] chunks=57 drawCount will compute...
[14:46:16][INFO] chunks=57 drawCount will compute...
[14:46:16][INFO] chunks=57 drawCount will compute...
[14:46:16][INFO] chunks=57 drawCount will compute...
[14:46:16][INFO] chunks=57 drawCount will compute...
[14:46:16][INFO] chunks=57 drawCount will compute...
[14:46:16][INFO] chunks=57 drawCount will compute...
[14:46:16][INFO] chunks=57 drawCount will compute...
[14:46:16][INFO] chunks=57 drawCount will compute...
[14:46:16][INFO] chunks=57 drawCount will compute...
[14:46:16][INFO] chunks=57 drawCount will compute...
[14:46:16][INFO] chunks=57 drawCount will compute...
[14:46:16][INFO] chunks=57 drawCount will compute...
[14:46:16][INFO] chunks=57 drawCount will compute...
[14:46:16][INFO] chunks=57 drawCount will compute...
[14:46:16][INFO] chunks=57 drawCount will compute...
[14:46:16][INFO] chunks=57 drawCount will compute...
[14:46:16][INFO] chunks=57 drawCount will compute...
[14:46:16][INFO] chunks=57 drawCount will compute...
[14:46:16][INFO] chunks=57 drawCount will compute...
[14:46:16][INFO] chunks=57 drawCount will compute...
[14:46:16][INFO] chunks=57 drawCount will compute...
[14:46:16][INFO] chunks=57 drawCount will compute...
[14:46:16][INFO] chunks=57 drawCount will compute...
[14:46:16][INFO] chunks=57 drawCount will compute...
[14:46:17][INFO] chunks=57 drawCount will compute...
[14:46:17][INFO] chunks=57 drawCount will compute...
[14:46:17][INFO] chunks=57 drawCount will compute...
[14:46:17][INFO] chunks=57 drawCount will compute...
[14:46:17][INFO] chunks=57 drawCount will compute...
[14:46:17][INFO] chunks=57 drawCount will compute...
[14:46:17][INFO] chunks=57 drawCount will compute...
[14:46:17][INFO] chunks=57 drawCount will compute...
[14:46:17][INFO] chunks=57 drawCount will compute...
[14:46:17][INFO] chunks=57 drawCount will compute...
[14:46:17][INFO] chunks=57 drawCount will compute...
[14:46:17][INFO] chunks=57 drawCount will compute...
[14:46:17][INFO] chunks=57 drawCount will compute...
[14:46:17][INFO] chunks=57 drawCount will compute...
[14:46:17][INFO] chunks=57 drawCount will compute...
[14:46:17][INFO] chunks=57 drawCount will compute...
[14:46:17][INFO] chunks=57 drawCount will compute...
[14:46:17][INFO] chunks=57 drawCount will compute...
[14:46:17][INFO] chunks=57 drawCount will compute...
[14:46:17][INFO] chunks=57 drawCount will compute...
[14:46:17][INFO] chunks=57 drawCount will compute...
[14:46:17][INFO] chunks=57 drawCount will compute...
[14:46:17][INFO] chunks=57 drawCount will compute...
[14:46:17][INFO] chunks=57 drawCount will compute...
[14:46:17][INFO] chunks=57 drawCount will compute...
[14:46:17][INFO] chunks=57 drawCount will compute...
[14:46:17][INFO] chunks=57 drawCount will compute...
[14:46:18][INFO] chunks=57 drawCount will compute...
[14:46:18][INFO] chunks=57 drawCount will compute...
[14:46:18][INFO] chunks=57 drawCount will compute...
[14:46:18][INFO] chunks=57 drawCount will compute...
[14:46:18][INFO] chunks=57 drawCount will compute...
[14:46:18][INFO] chunks=57 drawCount will compute...
[14:46:18][INFO] chunks=57 drawCount will compute...
[14:46:18][INFO] chunks=57 drawCount will compute...
[14:46:18][INFO] chunks=57 drawCount will compute...
[14:46:18][INFO] chunks=57 drawCount will compute...
[14:46:18][INFO] chunks=57 drawCount will compute...
[14:46:18][INFO] chunks=57 drawCount will compute...
[14:46:18][INFO] chunks=57 drawCount will compute...
[14:46:18][INFO] chunks=57 drawCount will compute...
[14:46:18][INFO] chunks=57 drawCount will compute...
[14:46:18][INFO] chunks=57 drawCount will compute...
[14:46:18][INFO] chunks=57 drawCount will compute...
[14:46:18][INFO] chunks=57 drawCount will compute...
[14:46:18][INFO] chunks=57 drawCount will compute...
[14:46:18][INFO] chunks=57 drawCount will compute...
[14:46:18][INFO] chunks=57 drawCount will compute...
[14:46:18][INFO] chunks=57 drawCount will compute...
[14:46:18][INFO] chunks=57 drawCount will compute...
[14:46:18][INFO] chunks=57 drawCount will compute...
[14:46:18][INFO] chunks=57 drawCount will compute...
[14:46:18][INFO] chunks=57 drawCount will compute...
[14:46:18][INFO] chunks=57 drawCount will compute...
[14:46:18][INFO] chunks=57 drawCount will compute...
[14:46:19][INFO] chunks=57 drawCount will compute...
[14:46:19][INFO] chunks=57 drawCount will compute...
[14:46:19][INFO] chunks=57 drawCount will compute...
[14:46:19][INFO] chunks=57 drawCount will compute...
[14:46:19][INFO] chunks=57 drawCount will compute...
[14:46:19][INFO] chunks=57 drawCount will compute...
[14:46:19][INFO] chunks=57 drawCount will compute...
[14:46:19][INFO] chunks=57 drawCount will compute...
[14:46:19][INFO] chunks=57 drawCount will compute...
[14:46:19][INFO] chunks=57 drawCount will compute...
[14:46:19][INFO] chunks=57 drawCount will compute...
[14:46:19][INFO] chunks=57 drawCount will compute...
[14:46:19][INFO] chunks=57 drawCount will compute...
[14:46:19][INFO] chunks=57 drawCount will compute...
[14:46:19][INFO] chunks=57 drawCount will compute...
[14:46:19][INFO] chunks=57 drawCount will compute...
[14:46:19][INFO] chunks=57 drawCount will compute...
[14:46:19][INFO] chunks=57 drawCount will compute...
[14:46:19][INFO] chunks=57 drawCount will compute...
[14:46:19][INFO] chunks=57 drawCount will compute...
[14:46:19][INFO] chunks=57 drawCount will compute...
[14:46:19][INFO] chunks=57 drawCount will compute...
[14:46:19][INFO] chunks=57 drawCount will compute...
[14:46:19][INFO] chunks=57 drawCount will compute...
[14:46:19][INFO] chunks=57 drawCount will compute...
[14:46:19][INFO] chunks=57 drawCount will compute...
[14:46:19][INFO] chunks=57 drawCount will compute...
[14:46:19][INFO] chunks=57 drawCount will compute...
[14:46:20][INFO] chunks=57 drawCount will compute...
[14:46:20][INFO] chunks=57 drawCount will compute...
[14:46:20][INFO] chunks=57 drawCount will compute...
[14:46:20][INFO] chunks=57 drawCount will compute...
[14:46:20][INFO] chunks=57 drawCount will compute...
[14:46:20][INFO] chunks=57 drawCount will compute...
[14:46:20][INFO] chunks=57 drawCount will compute...
[14:46:20][INFO] chunks=57 drawCount will compute...
[14:46:20][INFO] chunks=57 drawCount will compute...
[14:46:20][INFO] chunks=57 drawCount will compute...
[14:46:20][INFO] chunks=57 drawCount will compute...
[14:46:20][INFO] chunks=57 drawCount will compute...
[14:46:20][INFO] chunks=57 drawCount will compute...
[14:46:20][INFO] chunks=57 drawCount will compute...
[14:46:20][INFO] chunks=57 drawCount will compute...
[14:46:20][INFO] chunks=57 drawCount will compute...
[14:46:20][INFO] chunks=57 drawCount will compute...
[14:46:20][INFO] chunks=57 drawCount will compute...
[14:46:20][INFO] chunks=57 drawCount will compute...
[14:46:20][INFO] chunks=57 drawCount will compute...
[14:46:20][INFO] chunks=57 drawCount will compute...
[14:46:20][INFO] chunks=57 drawCount will compute...
[14:46:20][INFO] chunks=57 drawCount will compute...
[14:46:20][INFO] chunks=57 drawCount will compute...
[14:46:20][INFO] chunks=57 drawCount will compute...
[14:46:20][INFO] chunks=57 drawCount will compute...
[14:46:20][INFO] chunks=57 drawCount will compute...
[14:46:20][INFO] chunks=57 drawCount will compute...
[14:46:20][INFO] chunks=57 drawCount will compute...
[14:46:21][INFO] chunks=57 drawCount will compute...
[14:46:21][INFO] chunks=57 drawCount will compute...
[14:46:21][INFO] chunks=57 drawCount will compute...
[14:46:21][INFO] chunks=57 drawCount will compute...
[14:46:21][INFO] chunks=57 drawCount will compute...
[14:46:21][INFO] chunks=57 drawCount will compute...
[14:46:21][INFO] chunks=57 drawCount will compute...
[14:46:21][INFO] chunks=57 drawCount will compute...
[14:46:21][INFO] chunks=57 drawCount will compute...
[14:46:21][INFO] chunks=57 drawCount will compute...
[14:46:21][INFO] chunks=57 drawCount will compute...
[14:46:21][INFO] chunks=57 drawCount will compute...
[14:46:21][INFO] chunks=57 drawCount will compute...
[14:46:21][INFO] chunks=57 drawCount will compute...
[14:46:21][INFO] chunks=58 drawCount will compute...
[14:46:21][INFO] chunks=59 drawCount will compute...
[14:46:21][INFO] chunks=59 drawCount will compute...
[14:46:21][INFO] chunks=59 drawCount will compute...
[14:46:21][INFO] chunks=60 drawCount will compute...
[14:46:21][INFO] chunks=60 drawCount will compute...
[14:46:21][INFO] chunks=60 drawCount will compute...
[14:46:21][INFO] chunks=60 drawCount will compute...
[14:46:21][INFO] chunks=61 drawCount will compute...
[14:46:21][INFO] chunks=61 drawCount will compute...
[14:46:21][INFO] chunks=61 drawCount will compute...
[14:46:21][INFO] chunks=61 drawCount will compute...
[14:46:21][INFO] chunks=62 drawCount will compute...
[14:46:21][INFO] chunks=62 drawCount will compute...
[14:46:22][INFO] chunks=62 drawCount will compute...
[14:46:22][INFO] chunks=63 drawCount will compute...
[14:46:22][INFO] chunks=63 drawCount will compute...
[14:46:22][INFO] chunks=63 drawCount will compute...
[14:46:22][INFO] chunks=64 drawCount will compute...
[14:46:22][INFO] chunks=66 drawCount will compute...
[14:46:22][INFO] chunks=66 drawCount will compute...
[14:46:22][INFO] chunks=66 drawCount will compute...
[14:46:22][INFO] chunks=66 drawCount will compute...
[14:46:22][INFO] chunks=66 drawCount will compute...
[14:46:22][INFO] chunks=66 drawCount will compute...
[14:46:22][INFO] chunks=66 drawCount will compute...
[14:46:22][INFO] chunks=66 drawCount will compute...
[14:46:22][INFO] chunks=66 drawCount will compute...
[14:46:22][INFO] chunks=66 drawCount will compute...
[14:46:22][INFO] chunks=66 drawCount will compute...
[14:46:22][INFO] chunks=66 drawCount will compute...
[14:46:22][INFO] chunks=66 drawCount will compute...
[14:46:22][INFO] chunks=66 drawCount will compute...
[14:46:22][INFO] chunks=66 drawCount will compute...
[14:46:22][INFO] chunks=66 drawCount will compute...
[14:46:22][INFO] chunks=66 drawCount will compute...
[14:46:22][INFO] chunks=66 drawCount will compute...
[14:46:22][INFO] chunks=66 drawCount will compute...
[14:46:22][INFO] chunks=66 drawCount will compute...
[14:46:22][INFO] chunks=66 drawCount will compute...
[14:46:22][INFO] chunks=66 drawCount will compute...
[14:46:23][INFO] chunks=66 drawCount will compute...
[14:46:23][INFO] chunks=66 drawCount will compute...
[14:46:23][INFO] chunks=66 drawCount will compute...
[14:46:23][INFO] chunks=66 drawCount will compute...
[14:46:23][INFO] chunks=66 drawCount will compute...
[14:46:23][INFO] chunks=66 drawCount will compute...
[14:46:23][INFO] chunks=66 drawCount will compute...
[14:46:23][INFO] chunks=66 drawCount will compute...
[14:46:23][INFO] chunks=66 drawCount will compute...
[14:46:23][INFO] chunks=66 drawCount will compute...
[14:46:23][INFO] chunks=66 drawCount will compute...
[14:46:23][INFO] chunks=66 drawCount will compute...
[14:46:23][INFO] chunks=66 drawCount will compute...
[14:46:23][INFO] chunks=66 drawCount will compute...
[14:46:23][INFO] chunks=66 drawCount will compute...
[14:46:23][INFO] chunks=66 drawCount will compute...
[14:46:23][INFO] chunks=66 drawCount will compute...
[14:46:23][INFO] chunks=66 drawCount will compute...
[14:46:23][INFO] chunks=66 drawCount will compute...
[14:46:23][INFO] chunks=66 drawCount will compute...
[14:46:23][INFO] chunks=66 drawCount will compute...
[14:46:23][INFO] chunks=66 drawCount will compute...
[14:46:23][INFO] chunks=66 drawCount will compute...
[14:46:23][INFO] chunks=66 drawCount will compute...
[14:46:23][INFO] chunks=66 drawCount will compute...
[14:46:23][INFO] chunks=66 drawCount will compute...
[14:46:24][INFO] chunks=66 drawCount will compute...
[14:46:24][INFO] chunks=66 drawCount will compute...
[14:46:24][INFO] chunks=66 drawCount will compute...
[14:46:24][INFO] chunks=66 drawCount will compute...
[14:46:24][INFO] chunks=66 drawCount will compute...
[14:46:24][INFO] chunks=66 drawCount will compute...
[14:46:24][INFO] chunks=66 drawCount will compute...
[14:46:24][INFO] chunks=66 drawCount will compute...
[14:46:24][INFO] chunks=66 drawCount will compute...
[14:46:24][INFO] chunks=66 drawCount will compute...
[14:46:24][INFO] chunks=66 drawCount will compute...
[14:46:24][INFO] chunks=66 drawCount will compute...
[14:46:24][INFO] chunks=66 drawCount will compute...
[14:46:24][INFO] chunks=66 drawCount will compute...
[14:46:24][INFO] chunks=66 drawCount will compute...
[14:46:24][INFO] chunks=66 drawCount will compute...
[14:46:24][INFO] chunks=66 drawCount will compute...
[14:46:24][INFO] chunks=66 drawCount will compute...
[14:46:24][INFO] chunks=66 drawCount will compute...
[14:46:24][INFO] chunks=66 drawCount will compute...
[14:46:24][INFO] chunks=66 drawCount will compute...
[14:46:24][INFO] chunks=66 drawCount will compute...
[14:46:24][INFO] chunks=66 drawCount will compute...
[14:46:24][INFO] chunks=66 drawCount will compute...
[14:46:24][INFO] chunks=66 drawCount will compute...
[14:46:24][INFO] chunks=66 drawCount will compute...
[14:46:24][INFO] chunks=66 drawCount will compute...
[14:46:24][INFO] chunks=66 drawCount will compute...
[14:46:25][INFO] chunks=66 drawCount will compute...
[14:46:25][INFO] chunks=66 drawCount will compute...
[14:46:25][INFO] chunks=66 drawCount will compute...
[14:46:25][INFO] chunks=66 drawCount will compute...
[14:46:25][INFO] chunks=66 drawCount will compute...
[14:46:25][INFO] chunks=66 drawCount will compute...
[14:46:25][INFO] chunks=66 drawCount will compute...
[14:46:25][INFO] chunks=66 drawCount will compute...
[14:46:25][INFO] chunks=66 drawCount will compute...
[14:46:25][INFO] chunks=66 drawCount will compute...
[14:46:25][INFO] chunks=66 drawCount will compute...
[14:46:25][INFO] chunks=66 drawCount will compute...
[14:46:25][INFO] chunks=66 drawCount will compute...
[14:46:25][INFO] chunks=66 drawCount will compute...
[14:46:25][INFO] chunks=66 drawCount will compute...
[14:46:25][INFO] chunks=66 drawCount will compute...
[14:46:25][INFO] chunks=66 drawCount will compute...
[14:46:25][INFO] chunks=66 drawCount will compute...
[14:46:25][INFO] chunks=66 drawCount will compute...
[14:46:25][INFO] chunks=66 drawCount will compute...
[14:46:25][INFO] chunks=66 drawCount will compute...
[14:46:25][INFO] chunks=66 drawCount will compute...
[14:46:25][INFO] chunks=66 drawCount will compute...
[14:46:25][INFO] chunks=66 drawCount will compute...
[14:46:25][INFO] chunks=66 drawCount will compute...
[14:46:25][INFO] chunks=66 drawCount will compute...
[14:46:25][INFO] chunks=66 drawCount will compute...
[14:46:25][INFO] chunks=66 drawCount will compute...
[14:46:25][INFO] chunks=66 drawCount will compute...
[14:46:26][INFO] chunks=66 drawCount will compute...
[14:46:26][INFO] chunks=66 drawCount will compute...
[14:46:26][INFO] chunks=66 drawCount will compute...
[14:46:26][INFO] chunks=66 drawCount will compute...
[14:46:26][INFO] chunks=66 drawCount will compute...
[14:46:26][INFO] chunks=66 drawCount will compute...
[14:46:26][INFO] chunks=66 drawCount will compute...
[14:46:26][INFO] chunks=66 drawCount will compute...
[14:46:26][INFO] chunks=66 drawCount will compute...
[14:46:26][INFO] chunks=66 drawCount will compute...
[14:46:26][INFO] chunks=66 drawCount will compute...
[14:46:26][INFO] chunks=66 drawCount will compute...
[14:46:26][INFO] chunks=66 drawCount will compute...
[14:46:26][INFO] chunks=66 drawCount will compute...
[14:46:26][INFO] chunks=66 drawCount will compute...
[14:46:26][INFO] chunks=66 drawCount will compute...
[14:46:26][INFO] chunks=66 drawCount will compute...
[14:46:26][INFO] chunks=66 drawCount will compute...
[14:46:26][INFO] chunks=66 drawCount will compute...
[14:46:26][INFO] chunks=66 drawCount will compute...
[14:46:26][INFO] chunks=66 drawCount will compute...
[14:46:26][INFO] chunks=66 drawCount will compute...
[14:46:26][INFO] chunks=66 drawCount will compute...
[14:46:26][INFO] chunks=66 drawCount will compute...
[14:46:26][INFO] chunks=66 drawCount will compute...
[14:46:26][INFO] chunks=66 drawCount will compute...
[14:46:26][INFO] chunks=66 drawCount will compute...
[14:46:26][INFO] chunks=66 drawCount will compute...
[14:46:26][INFO] chunks=66 drawCount will compute...
[14:46:27][INFO] chunks=66 drawCount will compute...
[14:46:27][INFO] chunks=66 drawCount will compute...
[14:46:27][INFO] chunks=66 drawCount will compute...
[14:46:27][INFO] chunks=66 drawCount will compute...
[14:46:27][INFO] chunks=66 drawCount will compute...
[14:46:27][INFO] chunks=66 drawCount will compute...
[14:46:27][INFO] chunks=66 drawCount will compute...
[14:46:27][INFO] chunks=66 drawCount will compute...
[14:46:27][INFO] chunks=66 drawCount will compute...
[14:46:27][INFO] chunks=66 drawCount will compute...
[14:46:27][INFO] chunks=66 drawCount will compute...
[14:46:27][INFO] chunks=66 drawCount will compute...
[14:46:27][INFO] chunks=66 drawCount will compute...
[14:46:27][INFO] chunks=66 drawCount will compute...
[14:46:27][INFO] chunks=66 drawCount will compute...
[14:46:27][INFO] chunks=66 drawCount will compute...
[14:46:27][INFO] chunks=66 drawCount will compute...
[14:46:27][INFO] chunks=66 drawCount will compute...
[14:46:27][INFO] chunks=66 drawCount will compute...
[14:46:27][INFO] chunks=66 drawCount will compute...
[14:46:27][INFO] chunks=66 drawCount will compute...
[14:46:27][INFO] chunks=66 drawCount will compute...
[14:46:27][INFO] chunks=66 drawCount will compute...
[14:46:27][INFO] chunks=66 drawCount will compute...
[14:46:27][INFO] chunks=66 drawCount will compute...
[14:46:27][INFO] chunks=66 drawCount will compute...
[14:46:27][INFO] chunks=66 drawCount will compute...
[14:46:27][INFO] chunks=66 drawCount will compute...
[14:46:27][INFO] chunks=66 drawCount will compute...
[14:46:28][INFO] chunks=66 drawCount will compute...
[14:46:28][INFO] chunks=66 drawCount will compute...
[14:46:28][INFO] chunks=66 drawCount will compute...
[14:46:28][INFO] chunks=66 drawCount will compute...
[14:46:28][INFO] chunks=66 drawCount will compute...
[14:46:28][INFO] chunks=66 drawCount will compute...
[14:46:28][INFO] chunks=66 drawCount will compute...
[14:46:28][INFO] chunks=66 drawCount will compute...
[14:46:28][INFO] chunks=66 drawCount will compute...
[14:46:28][INFO] chunks=66 drawCount will compute...
[14:46:28][INFO] chunks=66 drawCount will compute...
[14:46:28][INFO] chunks=66 drawCount will compute...
[14:46:28][INFO] chunks=66 drawCount will compute...
[14:46:28][INFO] chunks=66 drawCount will compute...
[14:46:28][INFO] chunks=66 drawCount will compute...
[14:46:28][INFO] chunks=66 drawCount will compute...
[14:46:28][INFO] chunks=66 drawCount will compute...
[14:46:28][INFO] chunks=66 drawCount will compute...
[14:46:28][INFO] chunks=66 drawCount will compute...
[14:46:28][INFO] chunks=66 drawCount will compute...
[14:46:28][INFO] chunks=66 drawCount will compute...
[14:46:28][INFO] chunks=66 drawCount will compute...
[14:46:28][INFO] chunks=66 drawCount will compute...
[14:46:28][INFO] chunks=66 drawCount will compute...
[14:46:28][INFO] chunks=66 drawCount will compute...
[14:46:28][INFO] chunks=66 drawCount will compute...
[14:46:28][INFO] chunks=66 drawCount will compute...
[14:46:28][INFO] chunks=66 drawCount will compute...
[14:46:28][INFO] chunks=66 drawCount will compute...
[14:46:29][INFO] chunks=66 drawCount will compute...
[14:46:29][INFO] chunks=66 drawCount will compute...
[14:46:29][INFO] chunks=66 drawCount will compute...
[14:46:29][INFO] chunks=66 drawCount will compute...
[14:46:29][INFO] chunks=66 drawCount will compute...
[14:46:29][INFO] chunks=66 drawCount will compute...
[14:46:29][INFO] chunks=66 drawCount will compute...
[14:46:29][INFO] chunks=66 drawCount will compute...
[14:46:29][INFO] chunks=66 drawCount will compute...
[14:46:29][INFO] chunks=66 drawCount will compute...
[14:46:29][INFO] chunks=66 drawCount will compute...
[14:46:29][INFO] chunks=66 drawCount will compute...
[14:46:29][INFO] chunks=66 drawCount will compute...
[14:46:29][INFO] chunks=66 drawCount will compute...
[14:46:29][INFO] chunks=66 drawCount will compute...
[14:46:29][INFO] chunks=66 drawCount will compute...
[14:46:29][INFO] chunks=66 drawCount will compute...
[14:46:29][INFO] chunks=66 drawCount will compute...
[14:46:29][INFO] chunks=66 drawCount will compute...
[14:46:29][INFO] chunks=66 drawCount will compute...
[14:46:29][INFO] chunks=66 drawCount will compute...
[14:46:29][INFO] chunks=66 drawCount will compute...
[14:46:29][INFO] chunks=66 drawCount will compute...
[14:46:29][INFO] chunks=66 drawCount will compute...
[14:46:29][INFO] chunks=66 drawCount will compute...
[14:46:29][INFO] chunks=66 drawCount will compute...
[14:46:29][INFO] chunks=66 drawCount will compute...
[14:46:29][INFO] chunks=66 drawCount will compute...
[14:46:29][INFO] chunks=66 drawCount will compute...
[14:46:29][INFO] chunks=66 drawCount will compute...
[14:46:30][INFO] chunks=66 drawCount will compute...
[14:46:30][INFO] chunks=66 drawCount will compute...
[14:46:30][INFO] chunks=66 drawCount will compute...
[14:46:30][INFO] chunks=66 drawCount will compute...
[14:46:30][INFO] chunks=66 drawCount will compute...
[14:46:30][INFO] chunks=66 drawCount will compute...
[14:46:30][INFO] chunks=66 drawCount will compute...
[14:46:30][INFO] chunks=66 drawCount will compute...
[14:46:30][INFO] chunks=66 drawCount will compute...
[14:46:30][INFO] chunks=66 drawCount will compute...
[14:46:30][INFO] chunks=66 drawCount will compute...
[14:46:30][INFO] chunks=66 drawCount will compute...
[14:46:30][INFO] chunks=66 drawCount will compute...
[14:46:30][INFO] chunks=66 drawCount will compute...
[14:46:30][INFO] chunks=66 drawCount will compute...
[14:46:30][INFO] chunks=66 drawCount will compute...
[14:46:30][INFO] chunks=66 drawCount will compute...
[14:46:30][INFO] chunks=66 drawCount will compute...
[14:46:30][INFO] chunks=66 drawCount will compute...
[14:46:30][INFO] chunks=66 drawCount will compute...
[14:46:30][INFO] chunks=66 drawCount will compute...
[14:46:30][INFO] chunks=66 drawCount will compute...
[14:46:30][INFO] chunks=66 drawCount will compute...
[14:46:30][INFO] chunks=66 drawCount will compute...
[14:46:30][INFO] chunks=66 drawCount will compute...
[14:46:30][INFO] chunks=66 drawCount will compute...
[14:46:30][INFO] chunks=66 drawCount will compute...
[14:46:30][INFO] chunks=66 drawCount will compute...
[14:46:30][INFO] chunks=66 drawCount will compute...
[14:46:30][INFO] chunks=66 drawCount will compute...
[14:46:31][INFO] chunks=66 drawCount will compute...
[14:46:31][INFO] chunks=66 drawCount will compute...
[14:46:31][INFO] chunks=66 drawCount will compute...
[14:46:31][INFO] chunks=66 drawCount will compute...
[14:46:31][INFO] chunks=66 drawCount will compute...
[14:46:31][INFO] chunks=66 drawCount will compute...
[14:46:31][INFO] chunks=66 drawCount will compute...
[14:46:31][INFO] chunks=66 drawCount will compute...
[14:46:31][INFO] chunks=66 drawCount will compute...
[14:46:31][INFO] chunks=66 drawCount will compute...
[14:46:31][INFO] chunks=66 drawCount will compute...
[14:46:31][INFO] chunks=66 drawCount will compute...
[14:46:31][INFO] chunks=66 drawCount will compute...
[14:46:31][INFO] chunks=66 drawCount will compute...
[14:46:31][INFO] chunks=66 drawCount will compute...
[14:46:31][INFO] chunks=66 drawCount will compute...
[14:46:31][INFO] chunks=66 drawCount will compute...
[14:46:31][INFO] chunks=66 drawCount will compute...
[14:46:31][INFO] chunks=66 drawCount will compute...
[14:46:31][INFO] chunks=66 drawCount will compute...
[14:46:31][INFO] chunks=66 drawCount will compute...
[14:46:31][INFO] chunks=66 drawCount will compute...
[14:46:31][INFO] chunks=66 drawCount will compute...
[14:46:31][INFO] chunks=66 drawCount will compute...
[14:46:31][INFO] chunks=66 drawCount will compute...
[14:46:31][INFO] chunks=66 drawCount will compute...
[14:46:31][INFO] chunks=66 drawCount will compute...
[14:46:31][INFO] chunks=66 drawCount will compute...
[14:46:31][INFO] chunks=66 drawCount will compute...
[14:46:31][INFO] chunks=66 drawCount will compute...
[14:46:32][INFO] chunks=66 drawCount will compute...
[14:46:32][INFO] chunks=66 drawCount will compute...
[14:46:32][INFO] chunks=66 drawCount will compute...
[14:46:32][INFO] chunks=66 drawCount will compute...
[14:46:32][INFO] Client shutdown
