[2025-12-14 06:16:47.795] [Logging] Started logging to 'physics_debug.log'
[2025-12-14 06:16:47.796] [Game] WorldGen initialized
[2025-12-14 06:16:47.806] [PSX Effects] Shaders compiled successfully
[2025-12-14 06:16:47.807] [Game] Renderer initialized
[2025-12-14 06:16:47.818] [EntityRenderer] Generated player mesh: 480 vertices, VAO=1, VBO=1
[2025-12-14 06:16:47.818] [Game] EntityRenderer initialized
[2025-12-14 06:16:47.835] [Player] Spawned at (16, 37.1, 16)
[2025-12-14 06:16:47.836] [Game] Player initialized at position: (16, 37.1, 16)
[2025-12-14 06:16:47.836] [Game] Player stats initialized
[2025-12-14 06:16:47.837] [Game] Network controller initialized
[2025-12-14 06:16:47.839] [Game] Inventory UI initialized
[2025-12-14 06:16:47.841] [Game] HUD renderer initialized
[2025-12-14 06:16:47.844] [Game] Chat system initialized
[2025-12-14 06:16:47.846] [Client] TCP broadcast listener started
[2025-12-14 06:16:47.853] [ItemRegistry] Registered 23 items
[2025-12-14 06:16:48.169] [Game] Found atlas at: textures/atlas.png
[2025-12-14 06:16:48.213] [AtlasManager] Loaded image: textures/atlas.png (256x256)
[2025-12-14 06:16:48.213] [AtlasManager] Using preferred tile size: 64
[2025-12-14 06:16:48.214] [AtlasManager] Detected: tileSize=64, tilesPerRow=4, tilesPerCol=4
[2025-12-14 06:16:48.217] [AtlasManager] Successfully uploaded to GL texture 571
[2025-12-14 06:16:48.218] [AtlasManager] Verified texture dimensions: 256x256
[2025-12-14 06:16:48.219] [Renderer] AtlasManager loaded atlas: textures/atlas.png (GL id 571)
[2025-12-14 06:16:48.220] [Game] Loaded 0 chunks
[2025-12-14 06:16:48.345] [Client] Chunk update loop starting...
[2025-12-14 06:16:48.568] [Prediction] Error: 39.2cm - reconciling
[2025-12-14 06:16:48.574] [Prediction] Replayed 19 inputs
[2025-12-14 06:16:48.574] [Prediction] Error: 22.0cm - reconciling
[2025-12-14 06:16:48.575] [Prediction] Replayed 8 inputs
[2025-12-14 06:16:48.775] [Renderer] Uploaded chunk (0,0,0): VAO=10, VBO=11, 16506 vertices
[2025-12-14 06:16:48.996] [Renderer] Uploaded chunk (1,0,0): VAO=11, VBO=12, 13323 vertices
[2025-12-14 06:16:56.704] [Chat] Opened
[2025-12-14 06:16:58.073] [Chat] Closed
